
R version 3.2.2 (2015-08-14) -- "Fire Safety"
Copyright (C) 2015 The R Foundation for Statistical Computing
Platform: x86_64-pc-linux-gnu (64-bit)

R is free software and comes with ABSOLUTELY NO WARRANTY.
You are welcome to redistribute it under certain conditions.
Type 'license()' or 'licence()' for distribution details.

R is a collaborative project with many contributors.
Type 'contributors()' for more information and
'citation()' on how to cite R or R packages in publications.

Type 'demo()' for some demos, 'help()' for on-line help, or
'help.start()' for an HTML browser interface to help.
Type 'q()' to quit R.

> readcount <- read.table("cuffnorm_combined/genes.count_table",header=T,row.names=1)
> #summary(readcount)
> sums <- rowSums(readcount)
> noexp = subset(sums,sums == 0)
> length(sums)
[1] 16122
> length(noexp)
[1] 179
> per = 100 * (1 - (length(noexp) / length(sums)))
> sprintf("%d noexp, %d total, %.2f%%",length(noexp),length(sums),per)
[1] "179 noexp, 16122 total, 98.89%"
> 
